<?xml version="1.0" encoding="UTF-8"?>
<!-- Generated by org.testng.reporters.JUnitReportReporter -->
<testsuite skipped="0" hostname="DESKTOP-KMQCVAG" name="olympicsMedals.Solution2" tests="1" failures="0" timestamp="06 Jul 2018 17:30:09 GMT" time="3.215" errors="0">
  <testcase name="testCase1" time="3.215" classname="olympicsMedals.Solution2"/>
</testsuite> <!-- olympicsMedals.Solution2 -->
