<?xml version="1.0" encoding="UTF-8"?>
<!-- Generated by org.testng.reporters.JUnitReportReporter -->
<testsuite skipped="0" hostname="DESKTOP-KMQCVAG" name="olympicsMedals.OlympicsMedalsTesting" tests="7" failures="0" timestamp="07 Jul 2018 03:51:38 GMT" time="4.631" errors="0">
  <testcase name="theMost" time="1.661" classname="olympicsMedals.OlympicsMedalsTesting"/>
  <testcase name="getSum" time="1.475" classname="olympicsMedals.OlympicsMedalsTesting"/>
  <testcase name="sortTest1" time="0.217" classname="olympicsMedals.OlympicsMedalsTesting"/>
  <testcase name="sortTest2" time="0.316" classname="olympicsMedals.OlympicsMedalsTesting"/>
  <testcase name="country18silver" time="0.251" classname="olympicsMedals.OlympicsMedalsTesting"/>
  <testcase name="testJapan" time="0.384" classname="olympicsMedals.OlympicsMedalsTesting"/>
  <testcase name="sortTest3" time="0.327" classname="olympicsMedals.OlympicsMedalsTesting"/>
</testsuite> <!-- olympicsMedals.OlympicsMedalsTesting -->
